<?xml version="1.0" encoding="UTF-8"?>
<testsuite xmlns:xsi="http://www.w3.org/2001/XMLSchema-instance" xsi:noNamespaceSchemaLocation="https://maven.apache.org/surefire/maven-surefire-plugin/xsd/surefire-test-report.xsd" version="3.0.1" name="test.cnnTest" time="0.264" tests="1" errors="0" skipped="0" failures="0">
  <properties>
[...]
</properties>
  <testcase name="testConnection" classname="test.cnnTest" time="0.245">
    <system-out><![CDATA[org.postgresql.jdbc.PgConnection@3c9c0d96
]]></system-out>
  </testcase>
</testsuite>